0 info it worked if it ends with ok
1 verbose cli [ 'D:\\Program Files\\nodejs\\\\node.exe',
1 verbose cli   'D:\\Program Files\\nodejs\\node_modules\\npm\\bin\\npm-cli.js',
1 verbose cli   'install',
1 verbose cli   '--save-dev',
1 verbose cli   'gulp' ]
2 info using npm@1.4.28
3 info using node@v0.10.34
4 verbose node symlink D:\Program Files\nodejs\\node.exe
5 verbose readDependencies using package.json deps
6 verbose cache add [ 'gulp', null ]
7 verbose cache add name=undefined spec="gulp" args=["gulp",null]
8 verbose parsed url { protocol: null,
8 verbose parsed url   slashes: null,
8 verbose parsed url   auth: null,
8 verbose parsed url   host: null,
8 verbose parsed url   port: null,
8 verbose parsed url   hostname: null,
8 verbose parsed url   hash: null,
8 verbose parsed url   search: null,
8 verbose parsed url   query: null,
8 verbose parsed url   pathname: 'gulp',
8 verbose parsed url   path: 'gulp',
8 verbose parsed url   href: 'gulp' }
9 silly lockFile 9750c68d-gulp gulp
10 verbose lock gulp C:\Users\Administrator\AppData\Roaming\npm-cache\9750c68d-gulp.lock
11 silly lockFile 9750c68d-gulp gulp
12 silly lockFile 9750c68d-gulp gulp
13 verbose addNamed [ 'gulp', '' ]
14 verbose addNamed [ null, '*' ]
15 silly lockFile 72f4391e-gulp gulp@
16 verbose lock gulp@ C:\Users\Administrator\AppData\Roaming\npm-cache\72f4391e-gulp.lock
17 silly addNameRange { name: 'gulp', range: '*', hasData: false }
18 verbose request where is /dist/gulp
19 verbose request registry http://nodejs.org/
20 verbose request id 306159a4658704b4
21 verbose url raw /dist/gulp
22 verbose url resolving [ 'http://nodejs.org/', './dist/gulp' ]
23 verbose url resolved http://nodejs.org/dist/gulp
24 verbose request where is http://nodejs.org/dist/gulp
25 info trying registry request attempt 1 at 17:29:13
26 http GET http://nodejs.org/dist/gulp
27 http 404 http://nodejs.org/dist/gulp
28 verbose bad json <html>
28 verbose bad json <head><title>404 Not Found</title></head>
28 verbose bad json <body bgcolor="white">
28 verbose bad json <center><h1>404 Not Found</h1></center>
28 verbose bad json <hr><center>nginx</center>
28 verbose bad json </body>
28 verbose bad json </html>
29 error registry error parsing json
30 verbose headers { server: 'nginx',
30 verbose headers   date: 'Thu, 02 Apr 2015 09:29:12 GMT',
30 verbose headers   'content-type': 'text/html',
30 verbose headers   'content-length': '162',
30 verbose headers   connection: 'keep-alive' }
31 silly registry.get cb [ 404,
31 silly registry.get   { server: 'nginx',
31 silly registry.get     date: 'Thu, 02 Apr 2015 09:29:12 GMT',
31 silly registry.get     'content-type': 'text/html',
31 silly registry.get     'content-length': '162',
31 silly registry.get     connection: 'keep-alive' } ]
32 silly lockFile 72f4391e-gulp gulp@
33 silly lockFile 72f4391e-gulp gulp@
34 error SyntaxError: Unexpected token <
34 error <html>
34 error <head><title>404 Not Found</title></head>
34 error <body bgcolor="white">
34 error <center><h1>404 Not Found</h1></center>
34 error <hr><center>nginx</center>
34 error </body>
34 error </html>
34 error
34 error     at Object.parse (native)
34 error     at RegClient.<anonymous> (D:\Program Files\nodejs\node_modules\npm\node_modules\npm-registry-client\lib\request.js:274:23)
34 error     at Request._callback (D:\Program Files\nodejs\node_modules\npm\node_modules\npm-registry-client\lib\request.js:246:65)
34 error     at Request.self.callback (D:\Program Files\nodejs\node_modules\npm\node_modules\request\request.js:236:22)
34 error     at Request.emit (events.js:98:17)
34 error     at Request.<anonymous> (D:\Program Files\nodejs\node_modules\npm\node_modules\request\request.js:1142:14)
34 error     at Request.emit (events.js:117:20)
34 error     at IncomingMessage.<anonymous> (D:\Program Files\nodejs\node_modules\npm\node_modules\request\request.js:1096:12)
34 error     at IncomingMessage.emit (events.js:117:20)
34 error     at _stream_readable.js:944:16
35 error If you need help, you may report this *entire* log,
35 error including the npm and node versions, at:
35 error     <http://github.com/npm/npm/issues>
36 error System Windows_NT 6.1.7601
37 error command "D:\\Program Files\\nodejs\\\\node.exe" "D:\\Program Files\\nodejs\\node_modules\\npm\\bin\\npm-cli.js" "install" "--save-dev" "gulp"
38 error cwd E:\Collection\Template\simboo-ProjectTemplate\T2\Html
39 error node -v v0.10.34
40 error npm -v 1.4.28
41 error type unexpected_token
42 verbose exit [ 1, true ]
